<?xml version="1.0" encoding="UTF-8"?>
<!-- Generated by org.testng.reporters.JUnitReportReporter -->
<testsuite hostname="QSP" failures="0" tests="1" name="actions.Test0" time="24.063" errors="0" timestamp="2022-08-04T08:26:45 IST" skipped="0">
  <testcase classname="actions.Test0" name="demo" time="24.063"/>
  <system-out/>
</testsuite> <!-- actions.Test0 -->
