<?xml version="1.0" encoding="UTF-8"?>
<!-- Generated by org.testng.reporters.JUnitReportReporter -->
<testsuite hostname="QSP" failures="0" tests="1" name="chromeOptions.Test1" time="14.041" errors="0" timestamp="2022-08-03T09:21:19 IST" skipped="0">
  <testcase classname="chromeOptions.Test1" name="tc4" time="14.041"/>
  <system-out/>
</testsuite> <!-- chromeOptions.Test1 -->
