<?xml version="1.0" encoding="UTF-8"?>
<!-- Generated by org.testng.reporters.JUnitReportReporter -->
<testsuite hostname="QSP" failures="0" tests="1" name="dataDriven.Test2" time="9.111" errors="0" timestamp="2022-08-08T09:19:57 IST" skipped="0">
  <testcase classname="dataDriven.Test2" name="tc2" time="9.111"/>
  <system-out/>
</testsuite> <!-- dataDriven.Test2 -->
