<?xml version="1.0" encoding="UTF-8"?>
<!-- Generated by org.testng.reporters.JUnitReportReporter -->
<testsuite hostname="QSP" failures="0" tests="3" name="testNG.Sample" time="25.196" errors="0" timestamp="2022-08-10T08:06:26 IST" skipped="0">
  <testcase classname="testNG.Sample" name="tc1" time="10.327"/>
  <system-out/>
  <testcase classname="testNG.Sample" name="tc1" time="6.764"/>
  <system-out/>
  <testcase classname="testNG.Sample" name="tc1" time="8.105"/>
  <system-out/>
</testsuite> <!-- testNG.Sample -->
