<?xml version="1.0" encoding="UTF-8"?>
<!-- Generated by org.testng.reporters.JUnitReportReporter -->
<testsuite hostname="QSP" failures="0" tests="1" name="javascripExecutor.Test3" time="21.196" errors="0" timestamp="2022-08-03T08:10:16 IST" skipped="0">
  <testcase classname="javascripExecutor.Test3" name="tc3" time="21.196"/>
  <system-out/>
</testsuite> <!-- javascripExecutor.Test3 -->
