<?xml version="1.0" encoding="UTF-8"?>
<!-- Generated by org.testng.reporters.JUnitReportReporter -->
<testsuite hostname="LAPTOP-G9RE70VK" failures="0" tests="3" name="testNG.Sample" time="14.093" errors="0" timestamp="2022-08-15T18:27:20 IST" skipped="0">
  <testcase classname="testNG.Sample" name="tc1" time="3.019"/>
  <system-out/>
  <testcase classname="testNG.Sample" name="tc1" time="2.517"/>
  <system-out/>
  <testcase classname="testNG.Sample" name="tc1" time="8.557"/>
  <system-out/>
</testsuite> <!-- testNG.Sample -->
