<?xml version="1.0" encoding="UTF-8"?>
<!-- Generated by org.testng.reporters.JUnitReportReporter -->
<testsuite hostname="QSP" failures="0" tests="1" name="chromeOptions.Test0" time="7.033" errors="0" timestamp="2022-08-03T09:14:15 IST" skipped="0">
  <testcase classname="chromeOptions.Test0" name="tc4" time="7.033"/>
  <system-out/>
</testsuite> <!-- chromeOptions.Test0 -->
