<?xml version="1.0" encoding="UTF-8"?>
<!-- Generated by org.testng.reporters.JUnitReportReporter -->
<testsuite hostname="QSP" failures="0" tests="1" name="dataDriven.Test0" time="7.724" errors="0" timestamp="2022-08-08T08:32:23 IST" skipped="0">
  <testcase classname="dataDriven.Test0" name="demo" time="7.724"/>
  <system-out/>
</testsuite> <!-- dataDriven.Test0 -->
