<?xml version="1.0" encoding="UTF-8"?>
<!-- Generated by org.testng.reporters.JUnitReportReporter -->
<testsuite hostname="QSP" failures="0" tests="1" name="synchronization.Test0" time="20.177" errors="0" timestamp="2022-08-01T08:05:19 IST" skipped="0">
  <testcase classname="synchronization.Test0" name="demo" time="20.177"/>
  <system-out/>
</testsuite> <!-- synchronization.Test0 -->
