<?xml version="1.0" encoding="UTF-8"?>
<!-- Generated by org.testng.reporters.JUnitReportReporter -->
<testsuite hostname="QSP" failures="0" tests="1" name="testNG.Test3" time="25.568" errors="0" timestamp="2022-08-09T08:17:38 IST" skipped="0">
  <testcase classname="testNG.Test3" name="tc1" time="25.568"/>
  <system-out/>
</testsuite> <!-- testNG.Test3 -->
