<?xml version="1.0" encoding="UTF-8"?>
<!-- Generated by org.testng.reporters.JUnitReportReporter -->
<testsuite hostname="QSP" failures="0" tests="1" name="testNG.Demo" time="0.029" errors="0" timestamp="2022-08-09T09:22:11 IST" skipped="0">
  <testcase classname="testNG.Demo" name="deleteCustomer" time="0.029"/>
  <system-out>
deleteCustomer  </system-out>
</testsuite> <!-- testNG.Demo -->
