<?xml version="1.0" encoding="UTF-8"?>
<!-- Generated by org.testng.reporters.JUnitReportReporter -->
<testsuite hostname="QSP" failures="0" tests="1" name="synchronization.Test1" time="16.626" errors="0" timestamp="2022-08-01T08:25:50 IST" skipped="0">
  <testcase classname="synchronization.Test1" name="demo" time="16.626"/>
  <system-out/>
</testsuite> <!-- synchronization.Test1 -->
