<?xml version="1.0" encoding="UTF-8"?>
<!-- Generated by org.testng.reporters.JUnitReportReporter -->
<testsuite hostname="QSP" failures="0" tests="1" name="javascripExecutor.Test5" time="9.409" errors="0" timestamp="2022-08-03T08:44:54 IST" skipped="0">
  <testcase classname="javascripExecutor.Test5" name="tc4" time="9.409"/>
  <system-out/>
</testsuite> <!-- javascripExecutor.Test5 -->
