<?xml version="1.0" encoding="UTF-8"?>
<!-- Generated by org.testng.reporters.JUnitReportReporter -->
<testsuite hostname="QSP" failures="0" tests="1" name="javascripExecutor.Test4" time="12.481" errors="0" timestamp="2022-08-03T08:30:19 IST" skipped="0">
  <testcase classname="javascripExecutor.Test4" name="tc4" time="12.481"/>
  <system-out/>
</testsuite> <!-- javascripExecutor.Test4 -->
