<?xml version="1.0" encoding="UTF-8"?>
<!-- Generated by org.testng.reporters.JUnitReportReporter -->
<testsuite hostname="QSP" failures="0" tests="1" name="testNG.Test4" time="10.001" errors="0" timestamp="2022-08-09T08:17:38 IST" skipped="0">
  <testcase classname="testNG.Test4" name="tc1" time="10.001"/>
  <system-out/>
</testsuite> <!-- testNG.Test4 -->
