<?xml version="1.0" encoding="UTF-8"?>
<!-- Generated by org.testng.reporters.JUnitReportReporter -->
<testsuite hostname="LAPTOP-G9RE70VK" failures="0" tests="1" name="testNG.Test0" time="6.441" errors="0" timestamp="2022-08-13T16:26:53 IST" skipped="0">
  <testcase classname="testNG.Test0" name="tc1" time="6.441"/>
  <system-out/>
</testsuite> <!-- testNG.Test0 -->
