<?xml version="1.0" encoding="UTF-8"?>
<!-- Generated by org.testng.reporters.JUnitReportReporter -->
<testsuite hostname="QSP" failures="0" tests="1" name="testNG.Test6" time="17.636" errors="0" timestamp="2022-08-10T08:53:55 IST" skipped="0">
  <testcase classname="testNG.Test6" name="tc1" time="17.636"/>
  <system-out>
on test starts on test success  </system-out>
</testsuite> <!-- testNG.Test6 -->
