<?xml version="1.0" encoding="UTF-8"?>
<!-- Generated by org.testng.reporters.JUnitReportReporter -->
<testsuite hostname="QSP" failures="0" tests="1" name="javascripExecutor.Test1" time="21.771" errors="0" timestamp="2022-08-03T08:03:43 IST" skipped="0">
  <testcase classname="javascripExecutor.Test1" name="demo" time="21.771"/>
  <system-out/>
</testsuite> <!-- javascripExecutor.Test1 -->
