<?xml version="1.0" encoding="UTF-8"?>
<!-- Generated by org.testng.reporters.JUnitReportReporter -->
<testsuite hostname="QSP" failures="0" tests="1" name="javascripExecutor.Test2" time="23.630" errors="0" timestamp="2022-08-03T08:06:43 IST" skipped="0">
  <testcase classname="javascripExecutor.Test2" name="demo" time="23.630"/>
  <system-out/>
</testsuite> <!-- javascripExecutor.Test2 -->
