<?xml version="1.0" encoding="UTF-8"?>
<!-- Generated by org.testng.reporters.JUnitReportReporter -->
<testsuite hostname="QSP" failures="0" tests="1" name="javascripExecutor.Test0" time="17.814" errors="0" timestamp="2022-08-03T07:55:32 IST" skipped="0">
  <testcase classname="javascripExecutor.Test0" name="demo" time="17.814"/>
  <system-out/>
</testsuite> <!-- javascripExecutor.Test0 -->
